ISEEYOU_APP/android/app/build/outputs/logs/manifest-merger-debug-report.txt
-- Merging decision tree log ---
manifest
ADDED from src\main\AndroidManifest.xml:1:1-91:12
INJECTED from src\main\AndroidManifest.xml:1:1-91:12
INJECTED from src\main\AndroidManifest.xml:1:1-91:12
INJECTED from src\main\AndroidManifest.xml:1:1-91:12
MERGED from [:react-native-sound] AndroidManifest.xml:2:1-12:12
MERGED from [:react-native-push-notification] AndroidManifest.xml:2:1-11:12
MERGED from [:react-native-version-check] AndroidManifest.xml:2:1-11:12
MERGED from [:react-native-google-signin] AndroidManifest.xml:2:1-11:12
MERGED from [:react-native-fbsdk] AndroidManifest.xml:21:1-30:12
MERGED from [com.google.firebase:firebase-core:16.0.0] AndroidManifest.xml:2:1-9:12
MERGED from [:react-native-firebase] AndroidManifest.xml:2:1-15:12
MERGED from [:react-native-camera] AndroidManifest.xml:2:1-20:12
MERGED from [com.android.support:exifinterface:27.1.1] AndroidManifest.xml:17:1-22:12
MERGED from [com.google.android.gms:play-services-vision:15.0.2] AndroidManifest.xml:2:1-9:12
MERGED from [com.facebook.android:facebook-android-sdk:4.35.0] AndroidManifest.xml:21:1-31:12
MERGED from [com.facebook.android:facebook-login:4.35.0] AndroidManifest.xml:21:1-31:12
MERGED from [com.facebook.android:facebook-share:4.35.0] AndroidManifest.xml:21:1-31:12
MERGED from [com.facebook.android:facebook-common:4.35.0] AndroidManifest.xml:21:1-37:12
MERGED from [:react-native-vector-icons] AndroidManifest.xml:2:1-11:12
MERGED from [com.facebook.react:react-native:0.55.4] AndroidManifest.xml:2:1-15:12
MERGED from [com.android.support:appcompat-v7:27.0.2] AndroidManifest.xml:17:1-22:12
MERGED from [com.google.firebase:firebase-auth:16.0.2] AndroidManifest.xml:17:1-38:12
MERGED from [com.google.firebase:firebase-messaging:17.1.0] AndroidManifest.xml:17:1-37:12
MERGED from [me.leolin:ShortcutBadger:1.1.21] AndroidManifest.xml:2:1-52:12
MERGED from [com.google.android.gms:play-services-gcm:15.0.1] AndroidManifest.xml:17:1-28:12
MERGED from [com.google.android.gms:play-services-auth:15.0.1] AndroidManifest.xml:17:1-39:12
MERGED from [com.google.firebase:firebase-measurement-connector-impl:16.0.0] AndroidManifest.xml:17:1-34:12
MERGED from [com.google.firebase:firebase-analytics:16.0.0] AndroidManifest.xml:17:1-55:12
MERGED from [com.facebook.android:facebook-places:4.35.0] AndroidManifest.xml:21:1-31:12
MERGED from [com.facebook.android:facebook-applinks:4.35.0] AndroidManifest.xml:21:1-31:12
MERGED from [com.facebook.android:facebook-messenger:4.35.0] AndroidManifest.xml:21:1-31:12
MERGED from [com.facebook.android:facebook-marketing:4.35.0] AndroidManifest.xml:21:1-35:12
MERGED from [com.facebook.android:facebook-core:4.35.0] AndroidManifest.xml:21:1-53:12
MERGED from [com.android.support:cardview-v7:27.0.2] AndroidManifest.xml:17:1-22:12
MERGED from [com.android.support:customtabs:27.0.2] AndroidManifest.xml:17:1-22:12
MERGED from [com.android.support:animated-vector-drawable:27.0.2] AndroidManifest.xml:17:1-22:12
MERGED from [com.android.support:support-vector-drawable:27.0.2] AndroidManifest.xml:17:1-22:12
MERGED from [com.google.android.gms:play-services-vision-common:15.0.2] AndroidManifest.xml:2:1-9:12
MERGED from [com.google.android.gms:play-services-flags:15.0.1] AndroidManifest.xml:17:1-22:12
MERGED from [com.google.firebase:firebase-auth-interop:16.0.0] AndroidManifest.xml:2:1-10:12
MERGED from [com.google.android.gms:play-services-iid:15.0.1] AndroidManifest.xml:17:1-28:12
MERGED from [com.google.android.gms:play-services-auth-api-phone:15.0.1] AndroidManifest.xml:2:1-7:12
MERGED from [com.google.android.gms:play-services-auth-base:15.0.1] AndroidManifest.xml:2:1-7:12
MERGED from [com.google.android.gms:play-services-clearcut:15.0.1] AndroidManifest.xml:17:1-24:12
MERGED from [com.google.android.gms:play-services-phenotype:15.0.1] AndroidManifest.xml:17:1-24:12
MERGED from [com.google.firebase:firebase-analytics-impl:16.0.0] AndroidManifest.xml:17:1-41:12
MERGED from [com.google.firebase:firebase-iid:16.2.0] AndroidManifest.xml:17:1-65:12
MERGED from [com.google.firebase:firebase-iid-interop:16.0.0] AndroidManifest.xml:2:1-10:12
MERGED from [com.google.android.gms:play-services-base:15.0.1] AndroidManifest.xml:17:1-29:12
MERGED from [com.google.firebase:firebase-common:16.0.0] AndroidManifest.xml:2:1-16:12
MERGED from [com.google.android.gms:play-services-tasks:15.0.1] AndroidManifest.xml:2:1-9:12
MERGED from [com.google.firebase:firebase-measurement-connector:16.0.0] AndroidManifest.xml:17:1-25:12
MERGED from [com.google.android.gms:play-services-stats:15.0.1] AndroidManifest.xml:2:1-9:12
MERGED from [com.google.android.gms:play-services-ads-identifier:15.0.1] AndroidManifest.xml:17:1-24:12
MERGED from [com.google.android.gms:play-services-basement:15.0.1] AndroidManifest.xml:17:1-28:12
MERGED from [com.android.support:support-v4:27.0.2] AndroidManifest.xml:17:1-22:12
MERGED from [com.android.support:support-fragment:27.0.2] AndroidManifest.xml:17:1-22:12
MERGED from [com.android.support:support-core-utils:27.0.2] AndroidManifest.xml:17:1-22:12
MERGED from [com.android.support:support-core-ui:27.0.2] AndroidManifest.xml:17:1-22:12
MERGED from [com.android.support:support-media-compat:27.0.2] AndroidManifest.xml:17:1-22:12
MERGED from [com.android.support:support-compat:27.0.2] AndroidManifest.xml:17:1-22:12
MERGED from [com.google.android.gms:play-services-measurement-base:15.0.4] AndroidManifest.xml:17:1-24:12
MERGED from [com.facebook.fresco:fresco:1.3.0] AndroidManifest.xml:2:1-9:12
MERGED from [com.facebook.fresco:imagepipeline-okhttp3:1.3.0] AndroidManifest.xml:2:1-9:12
MERGED from [com.facebook.fresco:imagepipeline:1.3.0] AndroidManifest.xml:2:1-9:12
MERGED from [com.facebook.fresco:imagepipeline-base:1.3.0] AndroidManifest.xml:2:1-9:12
MERGED from [com.facebook.fbui.textlayoutbuilder:textlayoutbuilder:1.0.0] AndroidManifest.xml:10:1-18:12
MERGED from [com.facebook.soloader:soloader:0.1.0] AndroidManifest.xml:1:1-4:12
MERGED from [org.webkit:android-jsc:r174650] AndroidManifest.xml:1:1-3:12
MERGED from [com.facebook.fresco:drawee:1.3.0] AndroidManifest.xml:2:1-9:12
MERGED from [com.facebook.fresco:fbcore:1.3.0] AndroidManifest.xml:2:1-9:12
MERGED from [android.arch.lifecycle:runtime:1.0.3] AndroidManifest.xml:17:1-24:12
INJECTED from src\main\AndroidManifest.xml:1:1-91:12
INJECTED from src\main\AndroidManifest.xml:1:1-91:12
INJECTED from src\main\AndroidManifest.xml:1:1-91:12
	package
		ADDED from src\main\AndroidManifest.xml:3:5-41
		INJECTED from src\main\AndroidManifest.xml
		INJECTED from src\main\AndroidManifest.xml
	android:versionName
		INJECTED from src\main\AndroidManifest.xml
		ADDED from src\main\AndroidManifest.xml:1:1-91:12
		INJECTED from src\main\AndroidManifest.xml
	xmlns:tools
		ADDED from src\main\AndroidManifest.xml:2:1-47
	android:versionCode
		INJECTED from src\main\AndroidManifest.xml
		ADDED from src\main\AndroidManifest.xml:1:1-91:12
		INJECTED from src\main\AndroidManifest.xml
	xmlns:android
		ADDED from src\main\AndroidManifest.xml:1:11-69
uses-permission#android.permission.VIBRATE
ADDED from src\main\AndroidManifest.xml:4:1-61
	android:name
		ADDED from src\main\AndroidManifest.xml:4:18-59
uses-permission#android.permission.INTERNET
ADDED from src\main\AndroidManifest.xml:6:5-67
MERGED from [:react-native-firebase] AndroidManifest.xml:11:5-67
MERGED from [:react-native-firebase] AndroidManifest.xml:11:5-67
MERGED from [com.google.android.gms:play-services-gcm:15.0.1] AndroidManifest.xml:24:5-67
MERGED from [com.google.android.gms:play-services-gcm:15.0.1] AndroidManifest.xml:24:5-67
MERGED from [com.google.firebase:firebase-measurement-connector-impl:16.0.0] AndroidManifest.xml:22:5-67
MERGED from [com.google.firebase:firebase-measurement-connector-impl:16.0.0] AndroidManifest.xml:22:5-67
MERGED from [com.google.firebase:firebase-analytics:16.0.0] AndroidManifest.xml:23:5-67
MERGED from [com.google.firebase:firebase-analytics:16.0.0] AndroidManifest.xml:23:5-67
MERGED from [com.google.android.gms:play-services-iid:15.0.1] AndroidManifest.xml:24:5-67
MERGED from [com.google.android.gms:play-services-iid:15.0.1] AndroidManifest.xml:24:5-67
MERGED from [com.google.firebase:firebase-analytics-impl:16.0.0] AndroidManifest.xml:23:5-67
MERGED from [com.google.firebase:firebase-analytics-impl:16.0.0] AndroidManifest.xml:23:5-67
MERGED from [com.google.firebase:firebase-iid:16.2.0] AndroidManifest.xml:23:5-67
MERGED from [com.google.firebase:firebase-iid:16.2.0] AndroidManifest.xml:23:5-67
	android:name
		ADDED from src\main\AndroidManifest.xml:6:22-64
uses-permission#android.permission.SYSTEM_ALERT_WINDOW
ADDED from src\main\AndroidManifest.xml:7:5-77
MERGED from [com.facebook.react:react-native:0.55.4] AndroidManifest.xml:11:5-78
MERGED from [com.facebook.react:react-native:0.55.4] AndroidManifest.xml:11:5-78
	android:name
		ADDED from src\main\AndroidManifest.xml:7:22-75
uses-permission#android.permission.CAMERA
ADDED from src\main\AndroidManifest.xml:8:5-65
MERGED from [:react-native-camera] AndroidManifest.xml:11:5-65
MERGED from [:react-native-camera] AndroidManifest.xml:11:5-65
	android:name
		ADDED from src\main\AndroidManifest.xml:8:22-62
uses-permission#android.permission.READ_PHONE_STATE
ADDED from src\main\AndroidManifest.xml:9:5-94
	tools:node
		ADDED from src\main\AndroidManifest.xml:9:73-92
	android:name
		ADDED from src\main\AndroidManifest.xml:9:22-72
uses-permission#android.permission.RECEIVE_BOOT_COMPLETED
ADDED from src\main\AndroidManifest.xml:10:5-81
	android:name
		ADDED from src\main\AndroidManifest.xml:10:22-78
uses-permission#android.permission.WAKE_LOCK
ADDED from src\main\AndroidManifest.xml:11:5-67
MERGED from [:react-native-firebase] AndroidManifest.xml:12:5-68
MERGED from [:react-native-firebase] AndroidManifest.xml:12:5-68
MERGED from [com.google.firebase:firebase-measurement-connector-impl:16.0.0] AndroidManifest.xml:24:5-68
MERGED from [com.google.firebase:firebase-measurement-connector-impl:16.0.0] AndroidManifest.xml:24:5-68
MERGED from [com.google.firebase:firebase-analytics:16.0.0] AndroidManifest.xml:25:5-68
MERGED from [com.google.firebase:firebase-analytics:16.0.0] AndroidManifest.xml:25:5-68
MERGED from [com.google.firebase:firebase-analytics-impl:16.0.0] AndroidManifest.xml:25:5-68
MERGED from [com.google.firebase:firebase-analytics-impl:16.0.0] AndroidManifest.xml:25:5-68
MERGED from [com.google.firebase:firebase-iid:16.2.0] AndroidManifest.xml:24:5-68
MERGED from [com.google.firebase:firebase-iid:16.2.0] AndroidManifest.xml:24:5-68
	android:name
		ADDED from src\main\AndroidManifest.xml:11:22-65
application
ADDED from src\main\AndroidManifest.xml:14:5-89:19
MERGED from [:react-native-fbsdk] AndroidManifest.xml:28:5-20
MERGED from [:react-native-fbsdk] AndroidManifest.xml:28:5-20
MERGED from [com.google.firebase:firebase-core:16.0.0] AndroidManifest.xml:7:5-20
MERGED from [com.google.firebase:firebase-core:16.0.0] AndroidManifest.xml:7:5-20
MERGED from [com.google.android.gms:play-services-vision:15.0.2] AndroidManifest.xml:7:5-20
MERGED from [com.google.android.gms:play-services-vision:15.0.2] AndroidManifest.xml:7:5-20
MERGED from [com.facebook.android:facebook-android-sdk:4.35.0] AndroidManifest.xml:28:5-29:19
MERGED from [com.facebook.android:facebook-android-sdk:4.35.0] AndroidManifest.xml:28:5-29:19
MERGED from [com.facebook.android:facebook-login:4.35.0] AndroidManifest.xml:28:5-29:19
MERGED from [com.facebook.android:facebook-login:4.35.0] AndroidManifest.xml:28:5-29:19
MERGED from [com.facebook.android:facebook-share:4.35.0] AndroidManifest.xml:28:5-29:19
MERGED from [com.facebook.android:facebook-share:4.35.0] AndroidManifest.xml:28:5-29:19
MERGED from [com.facebook.android:facebook-common:4.35.0] AndroidManifest.xml:28:5-35:19
MERGED from [com.facebook.android:facebook-common:4.35.0] AndroidManifest.xml:28:5-35:19
MERGED from [com.facebook.react:react-native:0.55.4] AndroidManifest.xml:13:5-20
MERGED from [com.facebook.react:react-native:0.55.4] AndroidManifest.xml:13:5-20
MERGED from [com.google.firebase:firebase-auth:16.0.2] AndroidManifest.xml:22:5-36:19
MERGED from [com.google.firebase:firebase-auth:16.0.2] AndroidManifest.xml:22:5-36:19
MERGED from [com.google.firebase:firebase-messaging:17.1.0] AndroidManifest.xml:22:5-35:19
MERGED from [com.google.firebase:firebase-messaging:17.1.0] AndroidManifest.xml:22:5-35:19
MERGED from [com.google.android.gms:play-services-gcm:15.0.1] AndroidManifest.xml:26:5-20
MERGED from [com.google.android.gms:play-services-gcm:15.0.1] AndroidManifest.xml:26:5-20
MERGED from [com.google.android.gms:play-services-auth:15.0.1] AndroidManifest.xml:22:5-37:19
MERGED from [com.google.android.gms:play-services-auth:15.0.1] AndroidManifest.xml:22:5-37:19
MERGED from [com.google.firebase:firebase-measurement-connector-impl:16.0.0] AndroidManifest.xml:26:5-32:19
MERGED from [com.google.firebase:firebase-measurement-connector-impl:16.0.0] AndroidManifest.xml:26:5-32:19
MERGED from [com.google.firebase:firebase-analytics:16.0.0] AndroidManifest.xml:28:5-53:19
MERGED from [com.google.firebase:firebase-analytics:16.0.0] AndroidManifest.xml:28:5-53:19
MERGED from [com.facebook.android:facebook-places:4.35.0] AndroidManifest.xml:28:5-29:19
MERGED from [com.facebook.android:facebook-places:4.35.0] AndroidManifest.xml:28:5-29:19
MERGED from [com.facebook.android:facebook-applinks:4.35.0] AndroidManifest.xml:28:5-29:19
MERGED from [com.facebook.android:facebook-applinks:4.35.0] AndroidManifest.xml:28:5-29:19
MERGED from [com.facebook.android:facebook-messenger:4.35.0] AndroidManifest.xml:28:5-29:19
MERGED from [com.facebook.android:facebook-messenger:4.35.0] AndroidManifest.xml:28:5-29:19
MERGED from [com.facebook.android:facebook-marketing:4.35.0] AndroidManifest.xml:28:5-33:19
MERGED from [com.facebook.android:facebook-marketing:4.35.0] AndroidManifest.xml:28:5-33:19
MERGED from [com.facebook.android:facebook-core:4.35.0] AndroidManifest.xml:28:5-51:19
MERGED from [com.facebook.android:facebook-core:4.35.0] AndroidManifest.xml:28:5-51:19
MERGED from [com.google.android.gms:play-services-vision-common:15.0.2] AndroidManifest.xml:7:5-20
MERGED from [com.google.android.gms:play-services-vision-common:15.0.2] AndroidManifest.xml:7:5-20
MERGED from [com.google.firebase:firebase-auth-interop:16.0.0] AndroidManifest.xml:7:5-8:19
MERGED from [com.google.firebase:firebase-auth-interop:16.0.0] AndroidManifest.xml:7:5-8:19
MERGED from [com.google.android.gms:play-services-iid:15.0.1] AndroidManifest.xml:26:5-20
MERGED from [com.google.android.gms:play-services-iid:15.0.1] AndroidManifest.xml:26:5-20
MERGED from [com.google.android.gms:play-services-clearcut:15.0.1] AndroidManifest.xml:22:5-20
MERGED from [com.google.android.gms:play-services-clearcut:15.0.1] AndroidManifest.xml:22:5-20
MERGED from [com.google.android.gms:play-services-phenotype:15.0.1] AndroidManifest.xml:22:5-20
MERGED from [com.google.android.gms:play-services-phenotype:15.0.1] AndroidManifest.xml:22:5-20
MERGED from [com.google.firebase:firebase-analytics-impl:16.0.0] AndroidManifest.xml:28:5-39:19
MERGED from [com.google.firebase:firebase-analytics-impl:16.0.0] AndroidManifest.xml:28:5-39:19
MERGED from [com.google.firebase:firebase-iid:16.2.0] AndroidManifest.xml:34:5-63:19
MERGED from [com.google.firebase:firebase-iid:16.2.0] AndroidManifest.xml:34:5-63:19
MERGED from [com.google.firebase:firebase-iid-interop:16.0.0] AndroidManifest.xml:7:5-8:19
MERGED from [com.google.firebase:firebase-iid-interop:16.0.0] AndroidManifest.xml:7:5-8:19
MERGED from [com.google.android.gms:play-services-base:15.0.1] AndroidManifest.xml:22:5-27:19
MERGED from [com.google.android.gms:play-services-base:15.0.1] AndroidManifest.xml:22:5-27:19
MERGED from [com.google.firebase:firebase-common:16.0.0] AndroidManifest.xml:8:5-14:19
MERGED from [com.google.firebase:firebase-common:16.0.0] AndroidManifest.xml:8:5-14:19
MERGED from [com.google.android.gms:play-services-tasks:15.0.1] AndroidManifest.xml:7:5-20
MERGED from [com.google.android.gms:play-services-tasks:15.0.1] AndroidManifest.xml:7:5-20
MERGED from [com.google.firebase:firebase-measurement-connector:16.0.0] AndroidManifest.xml:22:5-23:19
MERGED from [com.google.firebase:firebase-measurement-connector:16.0.0] AndroidManifest.xml:22:5-23:19
MERGED from [com.google.android.gms:play-services-stats:15.0.1] AndroidManifest.xml:7:5-20
MERGED from [com.google.android.gms:play-services-stats:15.0.1] AndroidManifest.xml:7:5-20
MERGED from [com.google.android.gms:play-services-ads-identifier:15.0.1] AndroidManifest.xml:22:5-20
MERGED from [com.google.android.gms:play-services-ads-identifier:15.0.1] AndroidManifest.xml:22:5-20
MERGED from [com.google.android.gms:play-services-basement:15.0.1] AndroidManifest.xml:22:5-26:19
MERGED from [com.google.android.gms:play-services-basement:15.0.1] AndroidManifest.xml:22:5-26:19
MERGED from [com.google.android.gms:play-services-measurement-base:15.0.4] AndroidManifest.xml:22:5-20
MERGED from [com.google.android.gms:play-services-measurement-base:15.0.4] AndroidManifest.xml:22:5-20
MERGED from [com.facebook.soloader:soloader:0.1.0] AndroidManifest.xml:3:3-17
MERGED from [com.facebook.soloader:soloader:0.1.0] AndroidManifest.xml:3:3-17
MERGED from [org.webkit:android-jsc:r174650] AndroidManifest.xml:2:3-17
MERGED from [org.webkit:android-jsc:r174650] AndroidManifest.xml:2:3-17
	android:supportsRtl
		ADDED from [com.facebook.android:facebook-android-sdk:4.35.0] AndroidManifest.xml:28:18-44
	android:label
		ADDED from src\main\AndroidManifest.xml:16:7-39
	android:icon
		ADDED from src\main\AndroidManifest.xml:17:7-41
	android:allowBackup
		ADDED from src\main\AndroidManifest.xml:18:7-34
	android:theme
		ADDED from src\main\AndroidManifest.xml:19:7-38
	android:name
		ADDED from src\main\AndroidManifest.xml:15:7-38
activity#kr.co.dwebss.child.android.MainActivity
ADDED from src\main\AndroidManifest.xml:20:7-30:18
	android:label
		ADDED from src\main\AndroidManifest.xml:23:9-41
	android:launchMode
		ADDED from src\main\AndroidManifest.xml:21:9-39
	android:windowSoftInputMode
		ADDED from src\main\AndroidManifest.xml:25:9-51
	android:configChanges
		ADDED from src\main\AndroidManifest.xml:24:9-79
	android:name
		ADDED from src\main\AndroidManifest.xml:22:9-37
intent-filter#action:name:android.intent.action.MAIN+category:name:android.intent.category.LAUNCHER
ADDED from src\main\AndroidManifest.xml:26:9-29:25
action#android.intent.action.MAIN
ADDED from src\main\AndroidManifest.xml:27:13-65
	android:name
		ADDED from src\main\AndroidManifest.xml:27:21-62
category#android.intent.category.LAUNCHER
ADDED from src\main\AndroidManifest.xml:28:13-73
	android:name
		ADDED from src\main\AndroidManifest.xml:28:23-70
activity#com.facebook.react.devsupport.DevSettingsActivity
ADDED from src\main\AndroidManifest.xml:31:7-84
	android:name
		ADDED from src\main\AndroidManifest.xml:31:17-81
meta-data#com.facebook.sdk.ApplicationId
ADDED from src\main\AndroidManifest.xml:32:9-33:50
	android:value
		ADDED from src\main\AndroidManifest.xml:33:9-48
	android:name
		ADDED from src\main\AndroidManifest.xml:32:20-65
provider#android.support.v4.content.FileProvider
ADDED from src\main\AndroidManifest.xml:35:7-44:18
	android:grantUriPermissions
		ADDED from src\main\AndroidManifest.xml:38:11-45
	android:authorities
		ADDED from src\main\AndroidManifest.xml:37:11-68
	android:exported
		ADDED from src\main\AndroidManifest.xml:39:11-35
	android:name
		ADDED from src\main\AndroidManifest.xml:36:11-65
meta-data#android.support.FILE_PROVIDER_PATHS
ADDED from src\main\AndroidManifest.xml:40:11-43:58
	android:resource
		ADDED from src\main\AndroidManifest.xml:43:17-55
	tools:replace
		ADDED from src\main\AndroidManifest.xml:41:17-49
	android:name
		ADDED from src\main\AndroidManifest.xml:42:17-67
service#io.invertase.firebase.messaging.RNFirebaseMessagingService
ADDED from src\main\AndroidManifest.xml:45:9-49:19
	android:name
		ADDED from src\main\AndroidManifest.xml:45:18-91
intent-filter#action:name:com.google.firebase.MESSAGING_EVENT
ADDED from src\main\AndroidManifest.xml:46:13-48:29
action#com.google.firebase.MESSAGING_EVENT
ADDED from src\main\AndroidManifest.xml:47:13-74
	android:name
		ADDED from src\main\AndroidManifest.xml:47:21-71
service#io.invertase.firebase.messaging.RNFirebaseInstanceIdService
ADDED from src\main\AndroidManifest.xml:50:9-54:19
	android:name
		ADDED from src\main\AndroidManifest.xml:50:18-92
intent-filter#action:name:com.google.firebase.INSTANCE_ID_EVENT
ADDED from src\main\AndroidManifest.xml:51:13-53:29
action#com.google.firebase.INSTANCE_ID_EVENT
ADDED from src\main\AndroidManifest.xml:52:13-75
	android:name
		ADDED from src\main\AndroidManifest.xml:52:21-73
service#io.invertase.firebase.messaging.RNFirebaseBackgroundMessagingService
ADDED from src\main\AndroidManifest.xml:55:9-104
	android:name
		ADDED from src\main\AndroidManifest.xml:55:18-101
meta-data#com.google.firebase.messaging.default_notification_color
ADDED from src\main\AndroidManifest.xml:59:9-61:47
	android:resource
		ADDED from src\main\AndroidManifest.xml:61:13-44
	android:name
		ADDED from src\main\AndroidManifest.xml:60:13-84
meta-data#com.google.firebase.messaging.default_notification_channel_id
ADDED from src\main\AndroidManifest.xml:62:9-64:70
	android:value
		ADDED from src\main\AndroidManifest.xml:64:13-68
	android:name
		ADDED from src\main\AndroidManifest.xml:63:13-89
receiver#com.dieam.reactnativepushnotification.modules.RNPushNotificationPublisher
ADDED from src\main\AndroidManifest.xml:65:9-110
	android:name
		ADDED from src\main\AndroidManifest.xml:65:19-107
receiver#com.dieam.reactnativepushnotification.modules.RNPushNotificationBootEventReceiver
ADDED from src\main\AndroidManifest.xml:66:9-70:20
	android:name
		ADDED from src\main\AndroidManifest.xml:66:19-115
intent-filter#action:name:android.intent.action.BOOT_COMPLETED
ADDED from src\main\AndroidManifest.xml:67:13-69:29
action#android.intent.action.BOOT_COMPLETED
ADDED from src\main\AndroidManifest.xml:68:17-79
	android:name
		ADDED from src\main\AndroidManifest.xml:68:25-76
service#com.dieam.reactnativepushnotification.modules.RNPushNotificationRegistrationService
ADDED from src\main\AndroidManifest.xml:72:9-118
	android:name
		ADDED from src\main\AndroidManifest.xml:72:18-116
service#com.dieam.reactnativepushnotification.modules.RNPushNotificationListenerService
ADDED from src\main\AndroidManifest.xml:73:9-79:19
	android:exported
		ADDED from src\main\AndroidManifest.xml:75:13-37
	android:name
		ADDED from src\main\AndroidManifest.xml:74:13-107
receiver#io.invertase.firebase.notifications.RNFirebaseNotificationReceiver
ADDED from src\main\AndroidManifest.xml:80:9-102
	android:name
		ADDED from src\main\AndroidManifest.xml:80:19-100
receiver#io.invertase.firebase.notifications.RNFirebaseNotificationsRebootReceiver
ADDED from src\main\AndroidManifest.xml:81:9-88:20
	android:enabled
		ADDED from src\main\AndroidManifest.xml:81:19-41
	android:exported
		ADDED from src\main\AndroidManifest.xml:81:42-65
	android:name
		ADDED from src\main\AndroidManifest.xml:81:67-155
intent-filter#action:name:android.intent.action.BOOT_COMPLETED+action:name:android.intent.action.QUICKBOOT_POWERON+action:name:com.htc.intent.action.QUICKBOOT_POWERON+category:name:android.intent.category.DEFAULT
ADDED from src\main\AndroidManifest.xml:82:13-87:29
action#android.intent.action.QUICKBOOT_POWERON
ADDED from src\main\AndroidManifest.xml:84:13-77
	android:name
		ADDED from src\main\AndroidManifest.xml:84:21-75
action#com.htc.intent.action.QUICKBOOT_POWERON
ADDED from src\main\AndroidManifest.xml:85:13-77
	android:name
		ADDED from src\main\AndroidManifest.xml:85:21-75
category#android.intent.category.DEFAULT
ADDED from src\main\AndroidManifest.xml:86:13-72
	android:name
		ADDED from src\main\AndroidManifest.xml:86:23-69
uses-sdk
INJECTED from src\main\AndroidManifest.xml reason: use-sdk injection requested
INJECTED from src\main\AndroidManifest.xml
INJECTED from src\main\AndroidManifest.xml
MERGED from [:react-native-sound] AndroidManifest.xml:8:5-10:41
MERGED from [:react-native-sound] AndroidManifest.xml:8:5-10:41
MERGED from [:react-native-push-notification] AndroidManifest.xml:7:5-9:41
MERGED from [:react-native-push-notification] AndroidManifest.xml:7:5-9:41
MERGED from [:react-native-version-check] AndroidManifest.xml:7:5-9:41
MERGED from [:react-native-version-check] AndroidManifest.xml:7:5-9:41
MERGED from [:react-native-google-signin] AndroidManifest.xml:7:5-9:41
MERGED from [:react-native-google-signin] AndroidManifest.xml:7:5-9:41
MERGED from [:react-native-fbsdk] AndroidManifest.xml:24:5-26:41
MERGED from [:react-native-fbsdk] AndroidManifest.xml:24:5-26:41
MERGED from [com.google.firebase:firebase-core:16.0.0] AndroidManifest.xml:5:5-44
MERGED from [com.google.firebase:firebase-core:16.0.0] AndroidManifest.xml:5:5-44
MERGED from [:react-native-firebase] AndroidManifest.xml:7:5-9:41
MERGED from [:react-native-firebase] AndroidManifest.xml:7:5-9:41
MERGED from [:react-native-camera] AndroidManifest.xml:7:5-9:41
MERGED from [:react-native-camera] AndroidManifest.xml:7:5-9:41
MERGED from [com.android.support:exifinterface:27.1.1] AndroidManifest.xml:20:5-44
MERGED from [com.android.support:exifinterface:27.1.1] AndroidManifest.xml:20:5-44
MERGED from [com.google.android.gms:play-services-vision:15.0.2] AndroidManifest.xml:5:5-44
MERGED from [com.google.android.gms:play-services-vision:15.0.2] AndroidManifest.xml:5:5-44
MERGED from [com.facebook.android:facebook-android-sdk:4.35.0] AndroidManifest.xml:24:5-26:41
MERGED from [com.facebook.android:facebook-android-sdk:4.35.0] AndroidManifest.xml:24:5-26:41
MERGED from [com.facebook.android:facebook-login:4.35.0] AndroidManifest.xml:24:5-26:41
MERGED from [com.facebook.android:facebook-login:4.35.0] AndroidManifest.xml:24:5-26:41
MERGED from [com.facebook.android:facebook-share:4.35.0] AndroidManifest.xml:24:5-26:41
MERGED from [com.facebook.android:facebook-share:4.35.0] AndroidManifest.xml:24:5-26:41
MERGED from [com.facebook.android:facebook-common:4.35.0] AndroidManifest.xml:24:5-26:41
MERGED from [com.facebook.android:facebook-common:4.35.0] AndroidManifest.xml:24:5-26:41
MERGED from [:react-native-vector-icons] AndroidManifest.xml:7:5-9:41
MERGED from [:react-native-vector-icons] AndroidManifest.xml:7:5-9:41
MERGED from [com.facebook.react:react-native:0.55.4] AndroidManifest.xml:7:5-9:41
MERGED from [com.facebook.react:react-native:0.55.4] AndroidManifest.xml:7:5-9:41
MERGED from [com.android.support:appcompat-v7:27.0.2] AndroidManifest.xml:20:5-44
MERGED from [com.android.support:appcompat-v7:27.0.2] AndroidManifest.xml:20:5-44
MERGED from [com.google.firebase:firebase-auth:16.0.2] AndroidManifest.xml:20:5-44
MERGED from [com.google.firebase:firebase-auth:16.0.2] AndroidManifest.xml:20:5-44
MERGED from [com.google.firebase:firebase-messaging:17.1.0] AndroidManifest.xml:20:5-44
MERGED from [com.google.firebase:firebase-messaging:17.1.0] AndroidManifest.xml:20:5-44
MERGED from [me.leolin:ShortcutBadger:1.1.21] AndroidManifest.xml:7:5-9:41
MERGED from [me.leolin:ShortcutBadger:1.1.21] AndroidManifest.xml:7:5-9:41
MERGED from [com.google.android.gms:play-services-gcm:15.0.1] AndroidManifest.xml:20:5-44
MERGED from [com.google.android.gms:play-services-gcm:15.0.1] AndroidManifest.xml:20:5-44
MERGED from [com.google.android.gms:play-services-auth:15.0.1] AndroidManifest.xml:20:5-44
MERGED from [com.google.android.gms:play-services-auth:15.0.1] AndroidManifest.xml:20:5-44
MERGED from [com.google.firebase:firebase-measurement-connector-impl:16.0.0] AndroidManifest.xml:20:5-44
MERGED from [com.google.firebase:firebase-measurement-connector-impl:16.0.0] AndroidManifest.xml:20:5-44
MERGED from [com.google.firebase:firebase-analytics:16.0.0] AndroidManifest.xml:20:5-44
MERGED from [com.google.firebase:firebase-analytics:16.0.0] AndroidManifest.xml:20:5-44
MERGED from [com.facebook.android:facebook-places:4.35.0] AndroidManifest.xml:24:5-26:41
MERGED from [com.facebook.android:facebook-places:4.35.0] AndroidManifest.xml:24:5-26:41
MERGED from [com.facebook.android:facebook-applinks:4.35.0] AndroidManifest.xml:24:5-26:41
MERGED from [com.facebook.android:facebook-applinks:4.35.0] AndroidManifest.xml:24:5-26:41
MERGED from [com.facebook.android:facebook-messenger:4.35.0] AndroidManifest.xml:24:5-26:41
MERGED from [com.facebook.android:facebook-messenger:4.35.0] AndroidManifest.xml:24:5-26:41
MERGED from [com.facebook.android:facebook-marketing:4.35.0] AndroidManifest.xml:24:5-26:41
MERGED from [com.facebook.android:facebook-marketing:4.35.0] AndroidManifest.xml:24:5-26:41
MERGED from [com.facebook.android:facebook-core:4.35.0] AndroidManifest.xml:24:5-26:41
MERGED from [com.facebook.android:facebook-core:4.35.0] AndroidManifest.xml:24:5-26:41
MERGED from [com.android.support:cardview-v7:27.0.2] AndroidManifest.xml:20:5-44
MERGED from [com.android.support:cardview-v7:27.0.2] AndroidManifest.xml:20:5-44
MERGED from [com.android.support:customtabs:27.0.2] AndroidManifest.xml:20:5-44
MERGED from [com.android.support:customtabs:27.0.2] AndroidManifest.xml:20:5-44
MERGED from [com.android.support:animated-vector-drawable:27.0.2] AndroidManifest.xml:20:5-44
MERGED from [com.android.support:animated-vector-drawable:27.0.2] AndroidManifest.xml:20:5-44
MERGED from [com.android.support:support-vector-drawable:27.0.2] AndroidManifest.xml:20:5-44
MERGED from [com.android.support:support-vector-drawable:27.0.2] AndroidManifest.xml:20:5-44
MERGED from [com.google.android.gms:play-services-vision-common:15.0.2] AndroidManifest.xml:5:5-44
MERGED from [com.google.android.gms:play-services-vision-common:15.0.2] AndroidManifest.xml:5:5-44
MERGED from [com.google.android.gms:play-services-flags:15.0.1] AndroidManifest.xml:20:5-44
MERGED from [com.google.android.gms:play-services-flags:15.0.1] AndroidManifest.xml:20:5-44
MERGED from [com.google.firebase:firebase-auth-interop:16.0.0] AndroidManifest.xml:5:5-44